16:38:33 | ๐ ะะพะฝัะพะปั ะปะพะณะพะฒ ะพัะบัััะฐ
16:38:33 | ๐ ะกัััะบัััะฐ ะฟะฐะฟะพะบ ัะพะทะดะฐะฝะฐ
16:38:33 | ๐ฏ ะะฝะธัะธะฐะปะธะทะฐัะธั AccountManager...
16:38:33 | ๐ฏ ะะฝะธัะธะฐะปะธะทะฐัะธั AccountManager...
16:38:33 | ๐ญ AccountManager ัะตั ะธะฝะธัะธะฐะปะธะทะธัะพะฒะฐะฝ
16:38:33 | ๐ AccountScanner: ะฝะฐัะธะฝะฐะตะผ ะฟะพะปะฝะพะต ัะบะฐะฝะธัะพะฒะฐะฝะธะต...
16:38:33 | โ ะกะบะฐะฝะธัะพะฒะฐะฝะธะต ะทะฐะฒะตััะตะฝะพ: ััะฐัะธะบ=0, ะฟัะพะดะฐะถะธ=0, ะฒัะตะณะพ=0
16:38:33 | โ ะกะบะฐะฝะธัะพะฒะฐะฝะธะต ะทะฐะฒะตััะตะฝะพ: ััะฐัะธะบ=0, ะฟัะพะดะฐะถะธ=0
16:38:33 | โ AccountManager ะณะพัะพะฒ!
16:38:33 | โ AccountManager ะธะฝะธัะธะฐะปะธะทะธัะพะฒะฐะฝ
16:38:33 | ๐ ะะฝะธัะธะฐะปะธะทะฐัะธั ProxyManager...
16:38:33 | ๐ ProxyManager ะธะฝะธัะธะฐะปะธะทะธัะพะฒะฐะฝ
16:38:33 | โ ProxyManager ะณะพัะพะฒ. ะัะพะบัะธ ะฒ ัะฐะนะปะต: 1
16:38:33 | ๐จ ะะฝะธัะธะฐะปะธะทะฐัะธั ะผะพะดัะปั ะธะฝะฒะฐะนัะตัะฐ...
16:38:33 | ๐จ ะะฝะธัะธะฐะปะธะทะฐัะธั ะผะพะดัะปั ะธะฝะฒะฐะนัะตัะฐ...
16:38:33 | ๐ ะะฐะทะพะฒะฐั ะฟะฐะฟะบะฐ ะธะฝะฒะฐะนัะตัะฐ: C:\desktop-Traffer\ะะปั ัะฐะฑะพัั\ะะฝะฒะฐะนั
16:38:33 | ๐ ะะฑัะพะปััะฝัะน ะฟััั: C:\desktop-Traffer\ะะปั ัะฐะฑะพัั\ะะฝะฒะฐะนั
16:38:33 | โ ะะฐะทะพะฒะฐั ะฟะฐะฟะบะฐ ะธะฝะฒะฐะนัะตัะฐ ัะพะทะดะฐะฝะฐ/ัััะตััะฒัะตั
16:38:33 | ๐จ InviterModuleManager ะธะฝะธัะธะฐะปะธะทะธัะพะฒะฐะฝ
16:38:33 | ๐จ ะะฝะธัะธะฐะปะธะทะฐัะธั ะผะพะดัะปั ะธะฝะฒะฐะนัะตัะฐ...
16:38:33 | โ ะะฐะณััะถะตะฝะพ ะฟัะพัะธะปะตะน: 0
16:38:33 | ๐จ ะะฐะณััะถะตะฝะพ ะฟัะพัะธะปะตะน: 0
16:38:33 | โ ะะพะดัะปั ะธะฝะฒะฐะนัะตัะฐ ะณะพัะพะฒ!
16:38:33 | โ ะะพะดัะปั ะธะฝะฒะฐะนัะตัะฐ ะณะพัะพะฒ!
16:38:33 | โ ะะพะดัะปั ะธะฝะฒะฐะนัะตัะฐ ะธะฝะธัะธะฐะปะธะทะธัะพะฒะฐะฝ
16:38:33 | ๐ ะกะพะทะดะฐะฝะฐ ัะฐะฑะปะธัะฐ ั 8 ะบะพะปะพะฝะบะฐะผะธ
16:38:33 | ะะตั ะดะฐะฝะฝัั ะดะปั ะพัะพะฑัะฐะถะตะฝะธั
16:38:33 | โ ะะฐัะฐะปัะฝัะต ะดะฐะฝะฝัะต ะทะฐะณััะถะตะฝั: 0 ะทะฐะฟะธัะตะน
16:38:33 | ๐ AccountTableWidget ัะพะทะดะฐะฝ ะดะปั traffic/active
16:38:33 | ๐ ะกะพะทะดะฐะฝะฐ ัะฐะฑะปะธัะฐ ั 8 ะบะพะปะพะฝะบะฐะผะธ
16:38:33 | ะะตั ะดะฐะฝะฝัั ะดะปั ะพัะพะฑัะฐะถะตะฝะธั
16:38:33 | โ ะะฐัะฐะปัะฝัะต ะดะฐะฝะฝัะต ะทะฐะณััะถะตะฝั: 0 ะทะฐะฟะธัะตะน
16:38:33 | ๐ AccountTableWidget ัะพะทะดะฐะฝ ะดะปั sales/registration
16:38:33 | ๐ ะะฐะทะพะฒะฐั ะฟะฐะฟะบะฐ ะธะฝะฒะฐะนัะตัะฐ: C:\desktop-Traffer\ะะปั ัะฐะฑะพัั\ะะฝะฒะฐะนั
16:38:33 | ๐ ะะฑัะพะปััะฝัะน ะฟััั: C:\desktop-Traffer\ะะปั ัะฐะฑะพัั\ะะฝะฒะฐะนั
16:38:33 | โ ะะฐะทะพะฒะฐั ะฟะฐะฟะบะฐ ะธะฝะฒะฐะนัะตัะฐ ัะพะทะดะฐะฝะฐ/ัััะตััะฒัะตั
16:38:33 | โ ะะฐะณััะถะตะฝะพ ะฟัะพัะธะปะตะน: 0
16:38:33 | ๐จ ะะฐะณััะถะตะฝะพ ัะตะฐะปัะฝัั ะฟัะพัะธะปะตะน ะธะท ะผะพะดัะปั: 0
16:38:33 | ๐งน ะัะต ะฟัะพัะธะปะธ ะพัะธัะตะฝั ะธะท ะธะฝัะตััะตะนัะฐ
16:38:33 | ๐ฅ๏ธ  ะะปะฐะฒะฝะพะต ะพะบะฝะพ ะพัะบัััะพ
16:38:34 | โ NotificationManager ะธะฝะธัะธะฐะปะธะทะธัะพะฒะฐะฝ
16:38:34 | ๐ ะัะธะปะพะถะตะฝะธะต desktop-Traffer ะฟะพะปะฝะพัััั ะณะพัะพะฒะพ ะบ ัะฐะฑะพัะต!
16:38:50 | ๐จ ะกะพะทะดะฐะตะผ ะฟะตัะฒัะน ะฟัะพัะธะปั: reterte
16:38:50 | ๐จ ะกะพะทะดะฐะตะผ ะฟัะพัะธะปั ะธะฝะฒะฐะนัะตัะฐ: reterte
16:38:50 | โ ะัะพัะธะปั reterte ัะพะทะดะฐะฝ ััะฟะตัะฝะพ
16:38:50 | ๐จ ะัะพัะธะปั ัะพะทะดะฐะฝ ัะตัะตะท ะผะพะดัะปั: reterte
16:38:50 | โ ะะตัะฒัะน ะฟัะพัะธะปั ัะพะทะดะฐะฝ: reterte
16:38:50 | ๐งน ะัะต ะฟัะพัะธะปะธ ะพัะธัะตะฝั ะธะท ะธะฝัะตััะตะนัะฐ
16:38:50 | ๐ ะะฐะทะพะฒะฐั ะฟะฐะฟะบะฐ ะธะฝะฒะฐะนัะตัะฐ: C:\desktop-Traffer\ะะปั ัะฐะฑะพัั\ะะฝะฒะฐะนั
16:38:50 | ๐ ะะฑัะพะปััะฝัะน ะฟััั: C:\desktop-Traffer\ะะปั ัะฐะฑะพัั\ะะฝะฒะฐะนั
16:38:50 | โ ะะฐะทะพะฒะฐั ะฟะฐะฟะบะฐ ะธะฝะฒะฐะนัะตัะฐ ัะพะทะดะฐะฝะฐ/ัััะตััะฒัะตั
16:38:50 | โ ะะฐะณััะถะตะฝะพ ะฟัะพัะธะปะตะน: 1
16:38:50 | ๐จ ะะฐะณััะถะตะฝะพ ัะตะฐะปัะฝัั ะฟัะพัะธะปะตะน ะธะท ะผะพะดัะปั: 1
16:38:50 | ๐ ะัะพัะธะปะธ ะฟะตัะตะทะฐะณััะถะตะฝั ะธะท ะผะพะดัะปั
19:10:58 | ๐ ะะฐัะบััะฒะฐะตะผ ััะฐัะธััะธะบั ะดะปั reterte
19:10:59 | ๐ ะกะฒะพัะฐัะธะฒะฐะตะผ ััะฐัะธััะธะบั ะดะปั reterte
19:11:00 | ๐ ะะฐัะบััะฒะฐะตะผ ััะฐัะธััะธะบั ะดะปั reterte
19:11:01 | ๐ ะกะฒะพัะฐัะธะฒะฐะตะผ ััะฐัะธััะธะบั ะดะปั reterte
19:11:06 | ๐ ะะฐัะบััะฒะฐะตะผ ััะฐัะธััะธะบั ะดะปั reterte
19:11:08 | ๐ ะกะฒะพัะฐัะธะฒะฐะตะผ ััะฐัะธััะธะบั ะดะปั reterte
